<?xml version="1.0" encoding="UTF-8"?>
<testsuite xmlns:xsi="http://www.w3.org/2001/XMLSchema-instance" xsi:noNamespaceSchemaLocation="https://maven.apache.org/surefire/maven-surefire-plugin/xsd/surefire-test-report-3.0.xsd" version="3.0" name="model.CoffeeTest" time="0.042" tests="9" errors="0" skipped="0" failures="0">
  <properties>
[...]
</properties>
  <testcase name="testToString" classname="model.CoffeeTest" time="0.011"/>
  <testcase name="testGetPhysicalState" classname="model.CoffeeTest" time="0.001"/>
  <testcase name="testGetUnitVolume" classname="model.CoffeeTest" time="0.002"/>
  <testcase name="testGetUnitWeight" classname="model.CoffeeTest" time="0.001"/>
  <testcase name="testGetUnitPrice" classname="model.CoffeeTest" time="0.001"/>
  <testcase name="testGetTotalPrice" classname="model.CoffeeTest" time="0.003"/>
  <testcase name="testGetCoffeeType" classname="model.CoffeeTest" time="0.002"/>
  <testcase name="testGetTotalVolume" classname="model.CoffeeTest" time="0.002"/>
  <testcase name="testGetTotalWeight" classname="model.CoffeeTest" time="0.001"/>
</testsuite>